{"C:\\Users\\Braian\\Desktop\\repos\\ticketing-microservices\\auth\\src\\app.ts": {"path":"C:\\Users\\Braian\\Desktop\\repos\\ticketing-microservices\\auth\\src\\app.ts","statementMap":{"0":{"start":{"line":1,"column":0},"end":{"line":1,"column":30}},"1":{"start":{"line":2,"column":0},"end":{"line":2,"column":30}},"2":{"start":{"line":3,"column":0},"end":{"line":3,"column":35}},"3":{"start":{"line":4,"column":0},"end":{"line":4,"column":43}},"4":{"start":{"line":6,"column":0},"end":{"line":6,"column":58}},"5":{"start":{"line":7,"column":0},"end":{"line":7,"column":47}},"6":{"start":{"line":8,"column":0},"end":{"line":8,"column":49}},"7":{"start":{"line":9,"column":0},"end":{"line":9,"column":47}},"8":{"start":{"line":10,"column":0},"end":{"line":10,"column":59}},"9":{"start":{"line":12,"column":12},"end":{"line":12,"column":21}},"10":{"start":{"line":28,"column":9},"end":{"line":28,"column":12}},"11":{"start":{"line":14,"column":0},"end":{"line":14,"column":29}},"12":{"start":{"line":15,"column":0},"end":{"line":15,"column":16}},"13":{"start":{"line":16,"column":0},"end":{"line":19,"column":4}},"14":{"start":{"line":21,"column":0},"end":{"line":21,"column":27}},"15":{"start":{"line":22,"column":0},"end":{"line":22,"column":22}},"16":{"start":{"line":23,"column":0},"end":{"line":23,"column":23}},"17":{"start":{"line":24,"column":0},"end":{"line":24,"column":22}},"18":{"start":{"line":26,"column":0},"end":{"line":26,"column":22}}},"fnMap":{},"branchMap":{},"s":{"0":4,"1":4,"2":4,"3":4,"4":4,"5":4,"6":4,"7":4,"8":4,"9":4,"10":4,"11":4,"12":4,"13":4,"14":4,"15":4,"16":4,"17":4,"18":4},"f":{},"b":{}}
,"C:\\Users\\Braian\\Desktop\\repos\\ticketing-microservices\\auth\\src\\errors\\bad-request-error.ts": {"path":"C:\\Users\\Braian\\Desktop\\repos\\ticketing-microservices\\auth\\src\\errors\\bad-request-error.ts","statementMap":{"0":{"start":{"line":1,"column":0},"end":{"line":1,"column":45}},"1":{"start":{"line":7,"column":4},"end":{"line":7,"column":19}},"2":{"start":{"line":6,"column":21},"end":{"line":6,"column":36}},"3":{"start":{"line":4,"column":2},"end":{"line":4,"column":19}},"4":{"start":{"line":10,"column":4},"end":{"line":10,"column":59}},"5":{"start":{"line":14,"column":4},"end":{"line":14,"column":null}},"6":{"start":{"line":3,"column":0},"end":{"line":3,"column":13}}},"fnMap":{"0":{"name":"(anonymous_0)","decl":{"start":{"line":6,"column":2},"end":{"line":6,"column":21}},"loc":{"start":{"line":6,"column":36},"end":{"line":11,"column":3}}},"1":{"name":"(anonymous_1)","decl":{"start":{"line":13,"column":2},"end":{"line":13,"column":17}},"loc":{"start":{"line":13,"column":17},"end":{"line":15,"column":3}}}},"branchMap":{},"s":{"0":4,"1":3,"2":3,"3":3,"4":3,"5":3,"6":4},"f":{"0":3,"1":3},"b":{}}
,"C:\\Users\\Braian\\Desktop\\repos\\ticketing-microservices\\auth\\src\\errors\\custom-error.ts": {"path":"C:\\Users\\Braian\\Desktop\\repos\\ticketing-microservices\\auth\\src\\errors\\custom-error.ts","statementMap":{"0":{"start":{"line":5,"column":4},"end":{"line":5,"column":19}},"1":{"start":{"line":8,"column":4},"end":{"line":8,"column":55}},"2":{"start":{"line":1,"column":0},"end":{"line":1,"column":22}}},"fnMap":{"0":{"name":"(anonymous_0)","decl":{"start":{"line":4,"column":2},"end":{"line":4,"column":14}},"loc":{"start":{"line":4,"column":29},"end":{"line":9,"column":3}}}},"branchMap":{},"s":{"0":7,"1":7,"2":4},"f":{"0":7},"b":{}}
,"C:\\Users\\Braian\\Desktop\\repos\\ticketing-microservices\\auth\\src\\errors\\request-validation-error.ts": {"path":"C:\\Users\\Braian\\Desktop\\repos\\ticketing-microservices\\auth\\src\\errors\\request-validation-error.ts","statementMap":{"0":{"start":{"line":2,"column":0},"end":{"line":2,"column":45}},"1":{"start":{"line":8,"column":4},"end":{"line":8,"column":40}},"2":{"start":{"line":7,"column":21},"end":{"line":7,"column":46}},"3":{"start":{"line":5,"column":2},"end":{"line":5,"column":19}},"4":{"start":{"line":11,"column":4},"end":{"line":11,"column":66}},"5":{"start":{"line":15,"column":4},"end":{"line":17,"column":8}},"6":{"start":{"line":15,"column":35},"end":{"line":17,"column":6}},"7":{"start":{"line":4,"column":0},"end":{"line":4,"column":13}}},"fnMap":{"0":{"name":"(anonymous_0)","decl":{"start":{"line":7,"column":2},"end":{"line":7,"column":21}},"loc":{"start":{"line":7,"column":46},"end":{"line":12,"column":3}}},"1":{"name":"(anonymous_1)","decl":{"start":{"line":14,"column":2},"end":{"line":14,"column":17}},"loc":{"start":{"line":14,"column":17},"end":{"line":18,"column":3}}},"2":{"name":"(anonymous_2)","decl":{"start":{"line":15,"column":27},"end":{"line":15,"column":30}},"loc":{"start":{"line":15,"column":35},"end":{"line":17,"column":6}}}},"branchMap":{},"s":{"0":4,"1":4,"2":4,"3":4,"4":4,"5":4,"6":4,"7":4},"f":{"0":4,"1":4,"2":4},"b":{}}
,"C:\\Users\\Braian\\Desktop\\repos\\ticketing-microservices\\auth\\src\\middlewares\\current-user.ts": {"path":"C:\\Users\\Braian\\Desktop\\repos\\ticketing-microservices\\auth\\src\\middlewares\\current-user.ts","statementMap":{"0":{"start":{"line":2,"column":0},"end":{"line":2,"column":31}},"1":{"start":{"line":17,"column":27},"end":{"line":26,"column":1}},"2":{"start":{"line":18,"column":2},"end":{"line":18,"column":39}},"3":{"start":{"line":18,"column":25},"end":{"line":18,"column":39}},"4":{"start":{"line":20,"column":2},"end":{"line":23,"column":20}},"5":{"start":{"line":21,"column":20},"end":{"line":21,"column":84}},"6":{"start":{"line":22,"column":4},"end":{"line":22,"column":30}},"7":{"start":{"line":25,"column":2},"end":{"line":25,"column":9}},"8":{"start":{"line":17,"column":13},"end":{"line":17,"column":27}}},"fnMap":{"0":{"name":"(anonymous_1)","decl":{"start":{"line":17,"column":27},"end":{"line":17,"column":28}},"loc":{"start":{"line":17,"column":79},"end":{"line":26,"column":1}}}},"branchMap":{"0":{"loc":{"start":{"line":18,"column":2},"end":{"line":18,"column":39}},"type":"if","locations":[{"start":{"line":18,"column":2},"end":{"line":18,"column":39}}]},"1":{"loc":{"start":{"line":18,"column":7},"end":{"line":18,"column":23}},"type":"cond-expr","locations":[{"start":{"line":18,"column":18},"end":{"line":18,"column":20}},{"start":{"line":18,"column":18},"end":{"line":18,"column":23}}]},"2":{"loc":{"start":{"line":18,"column":7},"end":{"line":18,"column":20}},"type":"binary-expr","locations":[{"start":{"line":18,"column":7},"end":{"line":18,"column":20}},{"start":{"line":18,"column":18},"end":{"line":18,"column":20}}]}},"s":{"0":4,"1":4,"2":2,"3":1,"4":1,"5":1,"6":1,"7":1,"8":4},"f":{"0":2},"b":{"0":[1],"1":[0,2],"2":[2,2]}}
,"C:\\Users\\Braian\\Desktop\\repos\\ticketing-microservices\\auth\\src\\middlewares\\error-handler.ts": {"path":"C:\\Users\\Braian\\Desktop\\repos\\ticketing-microservices\\auth\\src\\middlewares\\error-handler.ts","statementMap":{"0":{"start":{"line":2,"column":0},"end":{"line":2,"column":53}},"1":{"start":{"line":4,"column":28},"end":{"line":17,"column":1}},"2":{"start":{"line":10,"column":2},"end":{"line":12,"column":null}},"3":{"start":{"line":11,"column":4},"end":{"line":11,"column":78}},"4":{"start":{"line":14,"column":2},"end":{"line":16,"column":5}},"5":{"start":{"line":4,"column":13},"end":{"line":4,"column":28}}},"fnMap":{"0":{"name":"(anonymous_0)","decl":{"start":{"line":4,"column":28},"end":{"line":4,"column":null}},"loc":{"start":{"line":9,"column":4},"end":{"line":17,"column":1}}}},"branchMap":{"0":{"loc":{"start":{"line":10,"column":2},"end":{"line":12,"column":null}},"type":"if","locations":[{"start":{"line":10,"column":2},"end":{"line":12,"column":null}}]}},"s":{"0":4,"1":4,"2":7,"3":7,"4":0,"5":4},"f":{"0":7},"b":{"0":[7]}}
,"C:\\Users\\Braian\\Desktop\\repos\\ticketing-microservices\\auth\\src\\middlewares\\validate-request.ts": {"path":"C:\\Users\\Braian\\Desktop\\repos\\ticketing-microservices\\auth\\src\\middlewares\\validate-request.ts","statementMap":{"0":{"start":{"line":2,"column":0},"end":{"line":2,"column":53}},"1":{"start":{"line":3,"column":0},"end":{"line":3,"column":76}},"2":{"start":{"line":5,"column":31},"end":{"line":15,"column":1}},"3":{"start":{"line":10,"column":17},"end":{"line":10,"column":38}},"4":{"start":{"line":12,"column":2},"end":{"line":12,"column":74}},"5":{"start":{"line":12,"column":25},"end":{"line":12,"column":74}},"6":{"start":{"line":14,"column":2},"end":{"line":14,"column":9}},"7":{"start":{"line":5,"column":13},"end":{"line":5,"column":31}}},"fnMap":{"0":{"name":"(anonymous_0)","decl":{"start":{"line":5,"column":31},"end":{"line":5,"column":null}},"loc":{"start":{"line":9,"column":4},"end":{"line":15,"column":1}}}},"branchMap":{"0":{"loc":{"start":{"line":12,"column":2},"end":{"line":12,"column":74}},"type":"if","locations":[{"start":{"line":12,"column":2},"end":{"line":12,"column":74}}]}},"s":{"0":4,"1":4,"2":4,"3":15,"4":15,"5":4,"6":11,"7":4},"f":{"0":15},"b":{"0":[4]}}
,"C:\\Users\\Braian\\Desktop\\repos\\ticketing-microservices\\auth\\src\\models\\user.ts": {"path":"C:\\Users\\Braian\\Desktop\\repos\\ticketing-microservices\\auth\\src\\models\\user.ts","statementMap":{"0":{"start":{"line":1,"column":0},"end":{"line":1,"column":32}},"1":{"start":{"line":2,"column":0},"end":{"line":2,"column":48}},"2":{"start":{"line":26,"column":19},"end":{"line":44,"column":2}},"3":{"start":{"line":38,"column":6},"end":{"line":38,"column":23}},"4":{"start":{"line":39,"column":6},"end":{"line":39,"column":21}},"5":{"start":{"line":40,"column":6},"end":{"line":40,"column":26}},"6":{"start":{"line":41,"column":6},"end":{"line":41,"column":21}},"7":{"start":{"line":46,"column":0},"end":{"line":52,"column":3}},"8":{"start":{"line":47,"column":2},"end":{"line":50,"column":null}},"9":{"start":{"line":48,"column":19},"end":{"line":48,"column":62}},"10":{"start":{"line":49,"column":4},"end":{"line":49,"column":33}},"11":{"start":{"line":51,"column":2},"end":{"line":51,"column":9}},"12":{"start":{"line":54,"column":0},"end":{"line":56,"column":2}},"13":{"start":{"line":55,"column":2},"end":{"line":55,"column":25}},"14":{"start":{"line":58,"column":13},"end":{"line":58,"column":67}},"15":{"start":{"line":60,"column":9},"end":{"line":60,"column":13}}},"fnMap":{"0":{"name":"(anonymous_8)","decl":{"start":{"line":37,"column":4},"end":{"line":37,"column":13}},"loc":{"start":{"line":37,"column":22},"end":{"line":42,"column":5}}},"1":{"name":"(anonymous_9)","decl":{"start":{"line":46,"column":23},"end":{"line":46,"column":39}},"loc":{"start":{"line":46,"column":43},"end":{"line":52,"column":2}}},"2":{"name":"(anonymous_11)","decl":{"start":{"line":54,"column":27},"end":{"line":54,"column":28}},"loc":{"start":{"line":54,"column":47},"end":{"line":56,"column":1}}}},"branchMap":{"0":{"loc":{"start":{"line":47,"column":2},"end":{"line":50,"column":null}},"type":"if","locations":[{"start":{"line":47,"column":2},"end":{"line":50,"column":null}}]}},"s":{"0":4,"1":4,"2":4,"3":8,"4":8,"5":8,"6":8,"7":4,"8":7,"9":7,"10":7,"11":7,"12":4,"13":7,"14":4,"15":4},"f":{"0":8,"1":7,"2":7},"b":{"0":[7]}}
,"C:\\Users\\Braian\\Desktop\\repos\\ticketing-microservices\\auth\\src\\routes\\current-user.ts": {"path":"C:\\Users\\Braian\\Desktop\\repos\\ticketing-microservices\\auth\\src\\routes\\current-user.ts","statementMap":{"0":{"start":{"line":1,"column":0},"end":{"line":1,"column":30}},"1":{"start":{"line":2,"column":0},"end":{"line":2,"column":58}},"2":{"start":{"line":4,"column":15},"end":{"line":4,"column":31}},"3":{"start":{"line":10,"column":19},"end":{"line":10,"column":36}},"4":{"start":{"line":6,"column":0},"end":{"line":8,"column":3}},"5":{"start":{"line":7,"column":2},"end":{"line":7,"column":53}}},"fnMap":{"0":{"name":"(anonymous_1)","decl":{"start":{"line":6,"column":50},"end":{"line":6,"column":51}},"loc":{"start":{"line":6,"column":63},"end":{"line":8,"column":1}}}},"branchMap":{"0":{"loc":{"start":{"line":7,"column":26},"end":{"line":7,"column":49}},"type":"binary-expr","locations":[{"start":{"line":7,"column":26},"end":{"line":7,"column":41}},{"start":{"line":7,"column":45},"end":{"line":7,"column":49}}]}},"s":{"0":4,"1":4,"2":4,"3":4,"4":4,"5":2},"f":{"0":2},"b":{"0":[2,1]}}
,"C:\\Users\\Braian\\Desktop\\repos\\ticketing-microservices\\auth\\src\\routes\\signin.ts": {"path":"C:\\Users\\Braian\\Desktop\\repos\\ticketing-microservices\\auth\\src\\routes\\signin.ts","statementMap":{"0":{"start":{"line":1,"column":0},"end":{"line":1,"column":53}},"1":{"start":{"line":2,"column":0},"end":{"line":2,"column":41}},"2":{"start":{"line":3,"column":0},"end":{"line":3,"column":31}},"3":{"start":{"line":5,"column":0},"end":{"line":5,"column":66}},"4":{"start":{"line":6,"column":0},"end":{"line":6,"column":38}},"5":{"start":{"line":7,"column":0},"end":{"line":7,"column":62}},"6":{"start":{"line":8,"column":0},"end":{"line":8,"column":48}},"7":{"start":{"line":10,"column":15},"end":{"line":10,"column":31}},"8":{"start":{"line":48,"column":19},"end":{"line":48,"column":31}},"9":{"start":{"line":12,"column":0},"end":{"line":46,"column":2}},"10":{"start":{"line":24,"column":40},"end":{"line":45,"column":null}},"11":{"start":{"line":25,"column":32},"end":{"line":25,"column":40}},"12":{"start":{"line":27,"column":25},"end":{"line":27,"column":54}},"13":{"start":{"line":29,"column":4},"end":{"line":29,"column":72}},"14":{"start":{"line":29,"column":23},"end":{"line":29,"column":72}},"15":{"start":{"line":31,"column":26},"end":{"line":32,"column":null}},"16":{"start":{"line":35,"column":4},"end":{"line":35,"column":74}},"17":{"start":{"line":35,"column":24},"end":{"line":35,"column":74}},"18":{"start":{"line":37,"column":20},"end":{"line":39,"column":null}},"19":{"start":{"line":42,"column":4},"end":{"line":42,"column":35}},"20":{"start":{"line":44,"column":4},"end":{"line":44,"column":39}}},"fnMap":{"0":{"name":"(anonymous_8)","decl":{"start":{"line":24,"column":2},"end":{"line":24,"column":9}},"loc":{"start":{"line":24,"column":40},"end":{"line":45,"column":null}}},"1":{"name":"(anonymous_9)","decl":{"start":{"line":24,"column":40},"end":{"line":24,"column":null}},"loc":{"start":{"line":24,"column":40},"end":{"line":45,"column":3}}}},"branchMap":{"0":{"loc":{"start":{"line":29,"column":4},"end":{"line":29,"column":72}},"type":"if","locations":[{"start":{"line":29,"column":4},"end":{"line":29,"column":72}}]},"1":{"loc":{"start":{"line":35,"column":4},"end":{"line":35,"column":74}},"type":"if","locations":[{"start":{"line":35,"column":4},"end":{"line":35,"column":74}}]}},"s":{"0":4,"1":4,"2":4,"3":4,"4":4,"5":4,"6":4,"7":4,"8":4,"9":4,"10":3,"11":3,"12":3,"13":3,"14":1,"15":2,"16":2,"17":1,"18":1,"19":1,"20":1},"f":{"0":3,"1":3},"b":{"0":[1],"1":[1]}}
,"C:\\Users\\Braian\\Desktop\\repos\\ticketing-microservices\\auth\\src\\routes\\signout.ts": {"path":"C:\\Users\\Braian\\Desktop\\repos\\ticketing-microservices\\auth\\src\\routes\\signout.ts","statementMap":{"0":{"start":{"line":1,"column":0},"end":{"line":1,"column":30}},"1":{"start":{"line":3,"column":15},"end":{"line":3,"column":31}},"2":{"start":{"line":11,"column":19},"end":{"line":11,"column":32}},"3":{"start":{"line":5,"column":0},"end":{"line":9,"column":3}},"4":{"start":{"line":6,"column":2},"end":{"line":6,"column":21}},"5":{"start":{"line":8,"column":2},"end":{"line":8,"column":15}}},"fnMap":{"0":{"name":"(anonymous_1)","decl":{"start":{"line":5,"column":34},"end":{"line":5,"column":35}},"loc":{"start":{"line":5,"column":47},"end":{"line":9,"column":1}}}},"branchMap":{},"s":{"0":4,"1":4,"2":4,"3":4,"4":1,"5":1},"f":{"0":1},"b":{}}
,"C:\\Users\\Braian\\Desktop\\repos\\ticketing-microservices\\auth\\src\\routes\\signup.ts": {"path":"C:\\Users\\Braian\\Desktop\\repos\\ticketing-microservices\\auth\\src\\routes\\signup.ts","statementMap":{"0":{"start":{"line":1,"column":0},"end":{"line":1,"column":51}},"1":{"start":{"line":2,"column":0},"end":{"line":2,"column":41}},"2":{"start":{"line":3,"column":0},"end":{"line":3,"column":31}},"3":{"start":{"line":5,"column":0},"end":{"line":5,"column":38}},"4":{"start":{"line":6,"column":0},"end":{"line":6,"column":62}},"5":{"start":{"line":7,"column":0},"end":{"line":7,"column":66}},"6":{"start":{"line":9,"column":15},"end":{"line":9,"column":31}},"7":{"start":{"line":43,"column":19},"end":{"line":43,"column":31}},"8":{"start":{"line":10,"column":0},"end":{"line":41,"column":2}},"9":{"start":{"line":22,"column":40},"end":{"line":40,"column":null}},"10":{"start":{"line":23,"column":32},"end":{"line":23,"column":40}},"11":{"start":{"line":25,"column":25},"end":{"line":25,"column":54}},"12":{"start":{"line":27,"column":4},"end":{"line":27,"column":64}},"13":{"start":{"line":27,"column":22},"end":{"line":27,"column":64}},"14":{"start":{"line":29,"column":17},"end":{"line":29,"column":48}},"15":{"start":{"line":30,"column":4},"end":{"line":30,"column":22}},"16":{"start":{"line":32,"column":20},"end":{"line":34,"column":null}},"17":{"start":{"line":37,"column":4},"end":{"line":37,"column":35}},"18":{"start":{"line":39,"column":4},"end":{"line":39,"column":31}}},"fnMap":{"0":{"name":"(anonymous_8)","decl":{"start":{"line":22,"column":2},"end":{"line":22,"column":9}},"loc":{"start":{"line":22,"column":40},"end":{"line":40,"column":null}}},"1":{"name":"(anonymous_9)","decl":{"start":{"line":22,"column":40},"end":{"line":22,"column":null}},"loc":{"start":{"line":22,"column":40},"end":{"line":40,"column":3}}}},"branchMap":{"0":{"loc":{"start":{"line":27,"column":4},"end":{"line":27,"column":64}},"type":"if","locations":[{"start":{"line":27,"column":4},"end":{"line":27,"column":64}}]}},"s":{"0":4,"1":4,"2":4,"3":4,"4":4,"5":4,"6":4,"7":4,"8":4,"9":8,"10":8,"11":8,"12":8,"13":1,"14":7,"15":7,"16":7,"17":7,"18":7},"f":{"0":8,"1":8},"b":{"0":[1]}}
,"C:\\Users\\Braian\\Desktop\\repos\\ticketing-microservices\\auth\\src\\services\\password.ts": {"path":"C:\\Users\\Braian\\Desktop\\repos\\ticketing-microservices\\auth\\src\\services\\password.ts","statementMap":{"0":{"start":{"line":1,"column":0},"end":{"line":1,"column":45}},"1":{"start":{"line":2,"column":0},"end":{"line":2,"column":33}},"2":{"start":{"line":4,"column":20},"end":{"line":4,"column":37}},"3":{"start":{"line":8,"column":17},"end":{"line":8,"column":47}},"4":{"start":{"line":9,"column":17},"end":{"line":9,"column":54}},"5":{"start":{"line":11,"column":4},"end":{"line":11,"column":44}},"6":{"start":{"line":15,"column":35},"end":{"line":15,"column":60}},"7":{"start":{"line":16,"column":17},"end":{"line":16,"column":62}},"8":{"start":{"line":18,"column":4},"end":{"line":18,"column":50}},"9":{"start":{"line":6,"column":0},"end":{"line":6,"column":13}}},"fnMap":{"0":{"name":"(anonymous_7)","decl":{"start":{"line":7,"column":2},"end":{"line":7,"column":8}},"loc":{"start":{"line":7,"column":38},"end":{"line":12,"column":null}}},"1":{"name":"(anonymous_9)","decl":{"start":{"line":14,"column":2},"end":{"line":14,"column":8}},"loc":{"start":{"line":14,"column":71},"end":{"line":19,"column":null}}}},"branchMap":{},"s":{"0":4,"1":4,"2":4,"3":7,"4":7,"5":7,"6":2,"7":2,"8":2,"9":4},"f":{"0":7,"1":2},"b":{}}
}
