TN:
SF:src\app.ts
FNF:0
FNH:0
DA:1,4
DA:2,4
DA:3,4
DA:4,4
DA:6,4
DA:7,4
DA:8,4
DA:9,4
DA:10,4
DA:12,4
DA:14,4
DA:15,4
DA:16,4
DA:21,4
DA:22,4
DA:23,4
DA:24,4
DA:26,4
DA:28,4
LF:19
LH:19
BRF:0
BRH:0
end_of_record
TN:
SF:src\errors\bad-request-error.ts
FN:6,(anonymous_0)
FN:13,(anonymous_1)
FNF:2
FNH:2
FNDA:3,(anonymous_0)
FNDA:3,(anonymous_1)
DA:1,4
DA:3,4
DA:4,3
DA:6,3
DA:7,3
DA:10,3
DA:14,3
LF:7
LH:7
BRF:0
BRH:0
end_of_record
TN:
SF:src\errors\custom-error.ts
FN:4,(anonymous_0)
FNF:1
FNH:1
FNDA:7,(anonymous_0)
DA:1,4
DA:5,7
DA:8,7
LF:3
LH:3
BRF:0
BRH:0
end_of_record
TN:
SF:src\errors\request-validation-error.ts
FN:7,(anonymous_0)
FN:14,(anonymous_1)
FN:15,(anonymous_2)
FNF:3
FNH:3
FNDA:4,(anonymous_0)
FNDA:4,(anonymous_1)
FNDA:4,(anonymous_2)
DA:2,4
DA:4,4
DA:5,4
DA:7,4
DA:8,4
DA:11,4
DA:15,4
LF:7
LH:7
BRF:0
BRH:0
end_of_record
TN:
SF:src\middlewares\current-user.ts
FN:17,(anonymous_1)
FNF:1
FNH:1
FNDA:2,(anonymous_1)
DA:2,4
DA:17,4
DA:18,2
DA:20,1
DA:21,1
DA:22,1
DA:25,1
LF:7
LH:7
BRDA:18,0,0,1
BRDA:18,1,0,0
BRDA:18,1,1,2
BRDA:18,2,0,2
BRDA:18,2,1,2
BRF:5
BRH:4
end_of_record
TN:
SF:src\middlewares\error-handler.ts
FN:4,(anonymous_0)
FNF:1
FNH:1
FNDA:7,(anonymous_0)
DA:2,4
DA:4,4
DA:10,7
DA:11,7
DA:14,0
LF:5
LH:4
BRDA:10,0,0,7
BRF:1
BRH:1
end_of_record
TN:
SF:src\middlewares\validate-request.ts
FN:5,(anonymous_0)
FNF:1
FNH:1
FNDA:15,(anonymous_0)
DA:2,4
DA:3,4
DA:5,4
DA:10,15
DA:12,15
DA:14,11
LF:6
LH:6
BRDA:12,0,0,4
BRF:1
BRH:1
end_of_record
TN:
SF:src\models\user.ts
FN:37,(anonymous_8)
FN:46,(anonymous_9)
FN:54,(anonymous_11)
FNF:3
FNH:3
FNDA:8,(anonymous_8)
FNDA:7,(anonymous_9)
FNDA:7,(anonymous_11)
DA:1,4
DA:2,4
DA:26,4
DA:38,8
DA:39,8
DA:40,8
DA:41,8
DA:46,4
DA:47,7
DA:48,7
DA:49,7
DA:51,7
DA:54,4
DA:55,7
DA:58,4
DA:60,4
LF:16
LH:16
BRDA:47,0,0,7
BRF:1
BRH:1
end_of_record
TN:
SF:src\routes\current-user.ts
FN:6,(anonymous_1)
FNF:1
FNH:1
FNDA:2,(anonymous_1)
DA:1,4
DA:2,4
DA:4,4
DA:6,4
DA:7,2
DA:10,4
LF:6
LH:6
BRDA:7,0,0,2
BRDA:7,0,1,1
BRF:2
BRH:2
end_of_record
TN:
SF:src\routes\signin.ts
FN:24,(anonymous_8)
FN:24,(anonymous_9)
FNF:2
FNH:2
FNDA:3,(anonymous_8)
FNDA:3,(anonymous_9)
DA:1,4
DA:2,4
DA:3,4
DA:5,4
DA:6,4
DA:7,4
DA:8,4
DA:10,4
DA:12,4
DA:24,3
DA:25,3
DA:27,3
DA:29,3
DA:31,2
DA:35,2
DA:37,1
DA:42,1
DA:44,1
DA:48,4
LF:19
LH:19
BRDA:29,0,0,1
BRDA:35,1,0,1
BRF:2
BRH:2
end_of_record
TN:
SF:src\routes\signout.ts
FN:5,(anonymous_1)
FNF:1
FNH:1
FNDA:1,(anonymous_1)
DA:1,4
DA:3,4
DA:5,4
DA:6,1
DA:8,1
DA:11,4
LF:6
LH:6
BRF:0
BRH:0
end_of_record
TN:
SF:src\routes\signup.ts
FN:22,(anonymous_8)
FN:22,(anonymous_9)
FNF:2
FNH:2
FNDA:8,(anonymous_8)
FNDA:8,(anonymous_9)
DA:1,4
DA:2,4
DA:3,4
DA:5,4
DA:6,4
DA:7,4
DA:9,4
DA:10,4
DA:22,8
DA:23,8
DA:25,8
DA:27,8
DA:29,7
DA:30,7
DA:32,7
DA:37,7
DA:39,7
DA:43,4
LF:18
LH:18
BRDA:27,0,0,1
BRF:1
BRH:1
end_of_record
TN:
SF:src\services\password.ts
FN:7,(anonymous_7)
FN:14,(anonymous_9)
FNF:2
FNH:2
FNDA:7,(anonymous_7)
FNDA:2,(anonymous_9)
DA:1,4
DA:2,4
DA:4,4
DA:6,4
DA:8,7
DA:9,7
DA:11,7
DA:15,2
DA:16,2
DA:18,2
LF:10
LH:10
BRF:0
BRH:0
end_of_record
